<?xml version="1.0" encoding="UTF-8"?>
<!-- Generated by org.testng.reporters.JUnitXMLReporter -->
<testsuite ignored="0" hostname="Banti" failures="0" tests="3" name="Default test" time="4.518" errors="0" timestamp="2024-09-08T00:25:51 EDT">
  <testcase classname="api.tescases.UserTest" name="testCreateUser" time="3.392"/>
  <testcase classname="api.tescases.UserTest" name="testGetUser" time="0.271"/>
  <testcase classname="api.tescases.UserTest" name="testUpdateUser" time="0.348"/>
</testsuite> <!-- Default test -->
