<?xml version="1.0" encoding="UTF-8"?>
<!-- Generated by org.testng.reporters.JUnitXMLReporter -->
<testsuite ignored="0" hostname="Banti" failures="0" tests="7" name="Test" time="7.361" errors="0" timestamp="2024-09-08T00:28:13 EDT">
  <testcase classname="api.tescases.UserTestDD" name="testCreateUser" time="2.818"/>
  <testcase classname="api.tescases.UserTestDD" name="testCreateUser" time="0.208"/>
  <testcase classname="api.tescases.UserTestDD" name="testCreateUser" time="0.18"/>
  <testcase classname="api.tescases.UserTestDD" name="testCreateUser" time="0.172"/>
  <testcase classname="api.tescases.UserTest" name="testCreateUser" time="0.216"/>
  <testcase classname="api.tescases.UserTest" name="testGetUser" time="0.203"/>
  <testcase classname="api.tescases.UserTest" name="testUpdateUser" time="0.339"/>
</testsuite> <!-- Test -->
