<?xml version="1.0" encoding="UTF-8"?>
<testng-results ignored="0" total="7" passed="7" failed="0" skipped="0">
  <reporter-output>
  </reporter-output>
  <suite started-at="2024-09-08T00:28:06 EDT" name="Suite" finished-at="2024-09-08T00:28:13 EDT" duration-ms="7361">
    <groups>
    </groups>
    <test started-at="2024-09-08T00:28:06 EDT" name="Test" finished-at="2024-09-08T00:28:13 EDT" duration-ms="7361">
      <class name="api.tescases.UserTest">
        <test-method is-config="true" signature="generateTestData()[pri:0, instance:api.tescases.UserTest@75d3a5e0]" started-at="2024-09-08T00:28:12 EDT" name="generateTestData" finished-at="2024-09-08T00:28:12 EDT" duration-ms="264" status="PASS">
          <reporter-output>
          </reporter-output>
        </test-method> <!-- generateTestData -->
        <test-method signature="testCreateUser()[pri:1, instance:api.tescases.UserTest@75d3a5e0]" started-at="2024-09-08T00:28:12 EDT" name="testCreateUser" finished-at="2024-09-08T00:28:12 EDT" duration-ms="216" status="PASS">
          <reporter-output>
          </reporter-output>
        </test-method> <!-- testCreateUser -->
        <test-method signature="testGetUser()[pri:2, instance:api.tescases.UserTest@75d3a5e0]" started-at="2024-09-08T00:28:12 EDT" name="testGetUser" finished-at="2024-09-08T00:28:13 EDT" duration-ms="203" status="PASS">
          <reporter-output>
          </reporter-output>
        </test-method> <!-- testGetUser -->
        <test-method signature="testUpdateUser()[pri:3, instance:api.tescases.UserTest@75d3a5e0]" started-at="2024-09-08T00:28:13 EDT" name="testUpdateUser" finished-at="2024-09-08T00:28:13 EDT" duration-ms="339" status="PASS">
          <reporter-output>
          </reporter-output>
        </test-method> <!-- testUpdateUser -->
      </class> <!-- api.tescases.UserTest -->
      <class name="api.tescases.UserTestDD">
        <test-method signature="testCreateUser(java.lang.String,java.lang.String,java.lang.String,java.lang.String,java.lang.String,java.lang.String,java.lang.String)[pri:1, instance:api.tescases.UserTestDD@60099951]" started-at="2024-09-08T00:28:08 EDT" name="testCreateUser" data-provider="AllData" finished-at="2024-09-08T00:28:11 EDT" duration-ms="2818" status="PASS">
          <params>
            <param index="0">
              <value>
                <![CDATA[2020]]>
              </value>
            </param>
            <param index="1">
              <value>
                <![CDATA[user1]]>
              </value>
            </param>
            <param index="2">
              <value>
                <![CDATA[Rita]]>
              </value>
            </param>
            <param index="3">
              <value>
                <![CDATA[Gupta]]>
              </value>
            </param>
            <param index="4">
              <value>
                <![CDATA[a@gmail.com]]>
              </value>
            </param>
            <param index="5">
              <value>
                <![CDATA[test@1]]>
              </value>
            </param>
            <param index="6">
              <value>
                <![CDATA[1234567897]]>
              </value>
            </param>
          </params>
          <reporter-output>
          </reporter-output>
        </test-method> <!-- testCreateUser -->
        <test-method signature="testCreateUser(java.lang.String,java.lang.String,java.lang.String,java.lang.String,java.lang.String,java.lang.String,java.lang.String)[pri:1, instance:api.tescases.UserTestDD@60099951]" started-at="2024-09-08T00:28:11 EDT" name="testCreateUser" data-provider="AllData" finished-at="2024-09-08T00:28:11 EDT" duration-ms="208" status="PASS">
          <params>
            <param index="0">
              <value>
                <![CDATA[2021]]>
              </value>
            </param>
            <param index="1">
              <value>
                <![CDATA[user2]]>
              </value>
            </param>
            <param index="2">
              <value>
                <![CDATA[Radha]]>
              </value>
            </param>
            <param index="3">
              <value>
                <![CDATA[Jain]]>
              </value>
            </param>
            <param index="4">
              <value>
                <![CDATA[b@gmail.com]]>
              </value>
            </param>
            <param index="5">
              <value>
                <![CDATA[test@2]]>
              </value>
            </param>
            <param index="6">
              <value>
                <![CDATA[1234567897]]>
              </value>
            </param>
          </params>
          <reporter-output>
          </reporter-output>
        </test-method> <!-- testCreateUser -->
        <test-method signature="testCreateUser(java.lang.String,java.lang.String,java.lang.String,java.lang.String,java.lang.String,java.lang.String,java.lang.String)[pri:1, instance:api.tescases.UserTestDD@60099951]" started-at="2024-09-08T00:28:11 EDT" name="testCreateUser" data-provider="AllData" finished-at="2024-09-08T00:28:12 EDT" duration-ms="180" status="PASS">
          <params>
            <param index="0">
              <value>
                <![CDATA[2022]]>
              </value>
            </param>
            <param index="1">
              <value>
                <![CDATA[user3]]>
              </value>
            </param>
            <param index="2">
              <value>
                <![CDATA[Smita]]>
              </value>
            </param>
            <param index="3">
              <value>
                <![CDATA[Pathak]]>
              </value>
            </param>
            <param index="4">
              <value>
                <![CDATA[c@gmail.com]]>
              </value>
            </param>
            <param index="5">
              <value>
                <![CDATA[test@3]]>
              </value>
            </param>
            <param index="6">
              <value>
                <![CDATA[1234567897]]>
              </value>
            </param>
          </params>
          <reporter-output>
          </reporter-output>
        </test-method> <!-- testCreateUser -->
        <test-method signature="testCreateUser(java.lang.String,java.lang.String,java.lang.String,java.lang.String,java.lang.String,java.lang.String,java.lang.String)[pri:1, instance:api.tescases.UserTestDD@60099951]" started-at="2024-09-08T00:28:12 EDT" name="testCreateUser" data-provider="AllData" finished-at="2024-09-08T00:28:12 EDT" duration-ms="172" status="PASS">
          <params>
            <param index="0">
              <value>
                <![CDATA[2024]]>
              </value>
            </param>
            <param index="1">
              <value>
                <![CDATA[user4]]>
              </value>
            </param>
            <param index="2">
              <value>
                <![CDATA[Renu]]>
              </value>
            </param>
            <param index="3">
              <value>
                <![CDATA[Shah]]>
              </value>
            </param>
            <param index="4">
              <value>
                <![CDATA[renu@gmail.com]]>
              </value>
            </param>
            <param index="5">
              <value>
                <![CDATA[test@4]]>
              </value>
            </param>
            <param index="6">
              <value>
                <![CDATA[1234567897]]>
              </value>
            </param>
          </params>
          <reporter-output>
          </reporter-output>
        </test-method> <!-- testCreateUser -->
      </class> <!-- api.tescases.UserTestDD -->
    </test> <!-- Test -->
  </suite> <!-- Suite -->
</testng-results>
